Assembler report for lab06
Wed Nov 03 17:34:03 2021
Quartus Prime Version 16.0.0 Build 211 04/27/2016 SJ Lite Edition


---------------------
; Table of Contents ;
---------------------
  1. Legal Notice
  2. Assembler Summary
  3. Assembler Settings
  4. Assembler Generated Files
  5. Assembler Device Options: C:/Users/audre/Documents/ECE380/lab06/output_files/lab06.sof
  6. Assembler Messages



----------------
; Legal Notice ;
----------------
Copyright (C) 1991-2016 Altera Corporation. All rights reserved.
Your use of Altera Corporation's design tools, logic functions 
and other software and tools, and its AMPP partner logic 
functions, and any output files from any of the foregoing 
(including device programming or simulation files), and any 
associated documentation or information are expressly subject 
to the terms and conditions of the Altera Program License 
Subscription Agreement, the Altera Quartus Prime License Agreement,
the Altera MegaCore Function License Agreement, or other 
applicable license agreement, including, without limitation, 
that your use is for the sole purpose of programming logic 
devices manufactured by Altera and sold by Altera or its 
authorized distributors.  Please refer to the applicable 
agreement for further details.



+---------------------------------------------------------------+
; Assembler Summary                                             ;
+-----------------------+---------------------------------------+
; Assembler Status      ; Successful - Wed Nov 03 17:34:03 2021 ;
; Revision Name         ; lab06                                 ;
; Top-level Entity Name ; lab06                                 ;
; Family                ; Cyclone V                             ;
; Device                ; 5CSEMA5F31C6                          ;
+-----------------------+---------------------------------------+


+----------------------------------+
; Assembler Settings               ;
+--------+---------+---------------+
; Option ; Setting ; Default Value ;
+--------+---------+---------------+


+--------------------------------------------------------------+
; Assembler Generated Files                                    ;
+--------------------------------------------------------------+
; File Name                                                    ;
+--------------------------------------------------------------+
; C:/Users/audre/Documents/ECE380/lab06/output_files/lab06.sof ;
+--------------------------------------------------------------+


+----------------------------------------------------------------------------------------+
; Assembler Device Options: C:/Users/audre/Documents/ECE380/lab06/output_files/lab06.sof ;
+----------------+-----------------------------------------------------------------------+
; Option         ; Setting                                                               ;
+----------------+-----------------------------------------------------------------------+
; Device         ; 5CSEMA5F31C6                                                          ;
; JTAG usercode  ; 0x00AF549B                                                            ;
; Checksum       ; 0x00AF549B                                                            ;
+----------------+-----------------------------------------------------------------------+


+--------------------+
; Assembler Messages ;
+--------------------+
Info: *******************************************************************
Info: Running Quartus Prime Assembler
    Info: Version 16.0.0 Build 211 04/27/2016 SJ Lite Edition
    Info: Processing started: Wed Nov 03 17:33:53 2021
Info: Command: quartus_asm --read_settings_files=off --write_settings_files=off lab06 -c lab06
Warning (18236): Number of processors has not been specified which may cause overloading on shared machines.  Set the global assignment NUM_PARALLEL_PROCESSORS in your QSF to an appropriate value for best performance.
Info (115030): Assembler is generating device programming files
Info: Quartus Prime Assembler was successful. 0 errors, 1 warning
    Info: Peak virtual memory: 5032 megabytes
    Info: Processing ended: Wed Nov 03 17:34:03 2021
    Info: Elapsed time: 00:00:10
    Info: Total CPU time (on all processors): 00:00:08


